2025-04-29 18:48:09,402 - INFO - Verificando si el contenedor s1 existe...
2025-04-29 18:48:16,842 - INFO - Verificando si el contenedor s2 existe...
2025-04-29 18:48:23,279 - INFO - Verificando si el contenedor s3 existe...
2025-04-29 18:48:30,114 - INFO - Verificando si el contenedor lb existe...
2025-04-29 18:48:30,131 - INFO - Creando balanceador lb...
2025-04-29 18:48:37,877 - INFO - Verificando si el contenedor cl existe...
2025-04-29 18:48:37,903 - INFO - Creando cliente cl...
2025-04-29 18:48:46,996 - INFO - Configurando red: creando bridges...
2025-04-29 18:48:47,000 - INFO - Verificando si el bridge lxdbr1 existe...
2025-04-29 18:48:47,639 - INFO - Bridge lxdbr1 creado correctamente.
2025-04-29 18:48:47,639 - INFO - Verificando si el bridge lxdbr0 existe...
2025-04-29 18:48:48,275 - INFO - Configurando la red para el cliente...
2025-04-29 18:48:48,365 - INFO - Configurando la red para el balanceador...
2025-04-29 18:48:48,514 - INFO - Configurando la red para el servidor s1 con la IP 134.3.0.11...
2025-04-29 18:48:48,584 - INFO - Configurando la red para el servidor s2 con la IP 134.3.0.12...
2025-04-29 18:48:48,808 - INFO - Configurando la red para el servidor s3 con la IP 134.3.0.13...
2025-04-29 18:48:48,939 - INFO - Red configurada correctamente para todos los servidores.
2025-04-29 18:48:48,939 - INFO - Red configurada correctamente.
2025-04-29 18:48:48,939 - INFO - Escenario creado correctamente.
2025-04-29 20:14:19,447 - INFO - Iniciando contenedor s1...
2025-04-29 20:14:19,448 - INFO - Iniciando contenedor s2...
2025-04-29 20:14:19,449 - INFO - Iniciando contenedor s3...
2025-04-29 20:14:19,450 - INFO - Iniciando contenedor lb...
2025-04-29 20:14:19,451 - INFO - Iniciando contenedor cl...
2025-04-29 20:16:24,602 - INFO - Iniciando contenedor s1...
2025-04-29 20:16:24,605 - INFO - Iniciando contenedor s2...
2025-04-29 20:16:24,606 - INFO - Iniciando contenedor s3...
2025-04-29 20:16:24,607 - INFO - Iniciando contenedor lb...
2025-04-29 20:16:24,608 - INFO - Iniciando contenedor cl...
2025-04-29 20:17:28,347 - INFO - Iniciando contenedor s1...
2025-04-29 20:17:28,348 - INFO - Iniciando contenedor s2...
2025-04-29 20:17:28,349 - INFO - Iniciando contenedor s3...
2025-04-29 20:17:28,351 - INFO - Iniciando contenedor lb...
2025-04-29 20:17:28,353 - INFO - Iniciando contenedor cl...
2025-04-29 20:20:51,429 - INFO - Verificando si el contenedor s1 existe...
2025-04-29 20:20:51,456 - INFO - El contenedor s1 ya existe. Saltando creación.
2025-04-29 20:20:51,456 - INFO - Verificando si el contenedor s2 existe...
2025-04-29 20:20:51,485 - INFO - El contenedor s2 ya existe. Saltando creación.
2025-04-29 20:20:51,485 - INFO - Verificando si el contenedor s3 existe...
2025-04-29 20:21:06,199 - INFO - Verificando si el contenedor lb existe...
2025-04-29 20:21:06,332 - INFO - El balanceador lb ya existe. Saltando creación.
2025-04-29 20:21:06,332 - INFO - Verificando si el contenedor cl existe...
2025-04-29 20:21:06,372 - INFO - El contenedor cl ya existe. Saltando creación.
2025-04-29 20:21:06,373 - INFO - Configurando red: creando bridges...
2025-04-29 20:21:06,373 - INFO - Verificando si el bridge lxdbr1 existe...
2025-04-29 20:21:06,446 - INFO - El bridge lxdbr1 ya existe.
2025-04-29 20:21:07,402 - INFO - Verificando si el bridge lxdbr0 existe...
2025-04-29 20:21:07,430 - INFO - El bridge lxdbr0 ya existe.
2025-04-29 20:21:08,473 - INFO - Configurando la red para el cliente...
2025-04-29 20:21:09,355 - INFO - Configurando la red para el balanceador...
2025-04-29 20:21:09,544 - INFO - Configurando la red para el servidor s1 con la IP 134.3.0.11...
2025-04-29 20:21:09,693 - INFO - Configurando la red para el servidor s2 con la IP 134.3.0.12...
2025-04-29 20:21:09,788 - INFO - Configurando la red para el servidor s3 con la IP 134.3.0.13...
2025-04-29 20:21:09,996 - INFO - Red configurada correctamente para todos los servidores.
2025-04-29 20:21:09,996 - INFO - Red configurada correctamente.
2025-04-29 20:21:09,996 - INFO - Escenario creado correctamente.
2025-04-29 20:23:36,767 - INFO - Iniciando contenedor s3...
2025-04-29 20:23:47,888 - INFO - Iniciando contenedor s3...
2025-04-29 20:35:28,401 - INFO - Verificando si el contenedor s1 existe...
2025-04-29 20:35:28,441 - INFO - El contenedor s1 ya existe. Saltando creación.
2025-04-29 20:35:28,441 - INFO - Verificando si el contenedor s2 existe...
2025-04-29 20:35:28,471 - INFO - El contenedor s2 ya existe. Saltando creación.
2025-04-29 20:35:28,471 - INFO - Verificando si el contenedor s3 existe...
2025-04-29 20:35:35,220 - INFO - Verificando si el contenedor lb existe...
2025-04-29 20:35:35,261 - INFO - El balanceador lb ya existe. Saltando creación.
2025-04-29 20:35:35,262 - INFO - Verificando si el contenedor cl existe...
2025-04-29 20:35:35,440 - INFO - El contenedor cl ya existe. Saltando creación.
2025-04-29 20:35:35,441 - INFO - Configurando red: creando bridges...
2025-04-29 20:35:35,441 - INFO - Verificando si el bridge lxdbr1 existe...
2025-04-29 20:35:35,502 - INFO - El bridge lxdbr1 ya existe.
2025-04-29 20:35:36,715 - INFO - Verificando si el bridge lxdbr0 existe...
2025-04-29 20:35:36,828 - INFO - El bridge lxdbr0 ya existe.
2025-04-29 20:35:37,899 - INFO - Configurando la red para el cliente...
2025-04-29 20:35:38,084 - INFO - Configurando la red para el balanceador...
2025-04-29 20:35:38,266 - INFO - Configurando la red para el servidor s1 con la IP 134.3.0.11...
2025-04-29 20:35:38,313 - INFO - Configurando la red para el servidor s2 con la IP 134.3.0.12...
2025-04-29 20:35:38,422 - INFO - Configurando la red para el servidor s3 con la IP 134.3.0.13...
2025-04-29 20:35:38,575 - INFO - Red configurada correctamente para todos los servidores.
2025-04-29 20:35:38,575 - INFO - Red configurada correctamente.
2025-04-29 20:35:38,575 - INFO - Escenario creado correctamente.
2025-04-29 20:47:51,010 - INFO - Verificando si el contenedor s1 existe...
2025-04-29 20:47:51,045 - INFO - El contenedor s1 ya existe. Saltando creación.
2025-04-29 20:47:51,045 - INFO - Verificando si el contenedor s2 existe...
2025-04-29 20:47:51,085 - INFO - El contenedor s2 ya existe. Saltando creación.
2025-04-29 20:47:51,085 - INFO - Verificando si el contenedor s3 existe...
2025-04-29 20:47:51,108 - INFO - El contenedor s3 ya existe. Saltando creación.
2025-04-29 20:47:51,108 - INFO - Verificando si el contenedor lb existe...
2025-04-29 20:47:51,137 - INFO - El balanceador lb ya existe. Saltando creación.
2025-04-29 20:47:51,137 - INFO - Verificando si el contenedor cl existe...
2025-04-29 20:47:51,160 - INFO - El contenedor cl ya existe. Saltando creación.
2025-04-29 20:47:51,161 - INFO - Configurando red: creando bridges...
2025-04-29 20:47:51,161 - INFO - Verificando si el bridge lxdbr1 existe...
2025-04-29 20:47:51,188 - INFO - El bridge lxdbr1 ya existe.
2025-04-29 20:47:52,050 - INFO - Verificando si el bridge lxdbr0 existe...
2025-04-29 20:47:52,082 - INFO - El bridge lxdbr0 ya existe.
2025-04-29 20:47:52,974 - INFO - Configurando la red para el cliente...
2025-04-29 20:47:53,077 - INFO - Configurando la red para el balanceador...
2025-04-29 20:47:53,159 - INFO - Configurando la red para el servidor s1 con la IP 134.3.0.11...
2025-04-29 20:47:53,206 - INFO - Configurando la red para el servidor s2 con la IP 134.3.0.12...
2025-04-29 20:47:53,252 - INFO - Configurando la red para el servidor s3 con la IP 134.3.0.13...
2025-04-29 20:47:53,321 - INFO - Red configurada correctamente para todos los servidores.
2025-04-29 20:47:53,321 - INFO - Red configurada correctamente.
2025-04-29 20:47:53,321 - INFO - Escenario creado correctamente.
2025-04-30 11:12:07,641 - INFO - Verificando si el contenedor s1 existe...
2025-04-30 11:12:29,574 - INFO - Verificando si el contenedor s2 existe...
2025-04-30 11:12:36,764 - INFO - Verificando si el contenedor s3 existe...
2025-04-30 11:12:44,871 - INFO - Verificando si el contenedor lb existe...
2025-04-30 11:12:44,888 - INFO - Creando balanceador lb...
2025-04-30 11:12:53,582 - INFO - Verificando si el contenedor cl existe...
2025-04-30 11:12:53,605 - INFO - Creando cliente cl...
2025-04-30 11:13:03,072 - INFO - Configurando red: creando bridges...
2025-04-30 11:13:03,072 - INFO - Verificando si el bridge lxdbr1 existe...
2025-04-30 11:13:03,777 - INFO - Bridge lxdbr1 creado correctamente.
2025-04-30 11:13:03,777 - INFO - Verificando si el bridge lxdbr0 existe...
2025-04-30 11:13:03,808 - INFO - El bridge lxdbr0 ya existe.
2025-04-30 11:13:04,707 - INFO - Configurando la red para el cliente...
2025-04-30 11:13:05,128 - INFO - Configurando la red para el balanceador...
2025-04-30 11:13:05,577 - INFO - Configurando la red para el servidor s1 con la IP 134.3.0.11...
2025-04-30 11:13:05,740 - INFO - Configurando la red para el servidor s2 con la IP 134.3.0.12...
2025-04-30 11:13:05,974 - INFO - Configurando la red para el servidor s3 con la IP 134.3.0.13...
2025-04-30 11:13:06,189 - INFO - Red configurada correctamente para todos los servidores.
2025-04-30 11:13:06,189 - INFO - Red configurada correctamente.
2025-04-30 11:13:06,189 - INFO - Escenario creado correctamente.
2025-04-30 11:13:40,931 - INFO - Iniciando contenedor s1...
2025-04-30 11:13:40,932 - INFO - Iniciando contenedor s2...
2025-04-30 11:13:40,933 - INFO - Iniciando contenedor s3...
2025-04-30 11:13:40,934 - INFO - Iniciando contenedor lb...
2025-04-30 11:13:40,935 - INFO - Iniciando contenedor cl...
2025-04-30 12:23:23,002 - INFO - Verificando si el contenedor s1 existe...
2025-04-30 12:23:23,026 - INFO - El contenedor s1 ya existe. Saltando creación.
2025-04-30 12:23:23,026 - INFO - Verificando si el contenedor s2 existe...
2025-04-30 12:23:23,052 - INFO - El contenedor s2 ya existe. Saltando creación.
2025-04-30 12:23:23,052 - INFO - Verificando si el contenedor s3 existe...
2025-04-30 12:23:23,074 - INFO - El contenedor s3 ya existe. Saltando creación.
2025-04-30 12:23:23,074 - INFO - Verificando si el contenedor lb existe...
2025-04-30 12:23:23,096 - INFO - El balanceador lb ya existe. Saltando creación.
2025-04-30 12:23:23,096 - INFO - Verificando si el contenedor cl existe...
2025-04-30 12:23:23,118 - INFO - El contenedor cl ya existe. Saltando creación.
2025-04-30 12:23:23,118 - INFO - Configurando red: creando bridges...
2025-04-30 12:23:23,118 - INFO - Verificando si el bridge lxdbr1 existe...
2025-04-30 12:23:23,144 - INFO - El bridge lxdbr1 ya existe.
2025-04-30 12:23:23,159 - INFO - Verificando si el bridge lxdbr0 existe...
2025-04-30 12:23:23,185 - INFO - El bridge lxdbr0 ya existe.
2025-04-30 12:23:23,199 - INFO - Configurando la red para el cliente...
2025-04-30 12:23:23,238 - INFO - Configurando la red para el balanceador...
2025-04-30 12:23:23,323 - INFO - Configurando la red para el servidor s1 con la IP 134.3.0.11...
2025-04-30 12:23:23,366 - INFO - Configurando la red para el servidor s2 con la IP 134.3.0.12...
2025-04-30 12:23:23,408 - INFO - Configurando la red para el servidor s3 con la IP 134.3.0.13...
2025-04-30 12:23:23,448 - INFO - Red configurada correctamente para todos los servidores.
2025-04-30 12:23:23,448 - INFO - Red configurada correctamente.
2025-04-30 12:23:23,448 - INFO - Escenario creado correctamente.
2025-04-30 12:27:02,435 - INFO - Verificando si el contenedor s1 existe...
2025-04-30 12:27:02,459 - INFO - El contenedor s1 ya existe. Saltando creación.
2025-04-30 12:27:02,459 - INFO - Verificando si el contenedor s2 existe...
2025-04-30 12:27:02,483 - INFO - El contenedor s2 ya existe. Saltando creación.
2025-04-30 12:27:02,483 - INFO - Verificando si el contenedor s3 existe...
2025-04-30 12:27:02,505 - INFO - El contenedor s3 ya existe. Saltando creación.
2025-04-30 12:27:02,505 - INFO - Verificando si el contenedor lb existe...
2025-04-30 12:27:02,531 - INFO - El balanceador lb ya existe. Saltando creación.
2025-04-30 12:27:02,531 - INFO - Verificando si el contenedor cl existe...
2025-04-30 12:27:02,554 - INFO - El contenedor cl ya existe. Saltando creación.
2025-04-30 12:27:02,554 - INFO - Configurando red: creando bridges...
2025-04-30 12:27:02,555 - INFO - Verificando si el bridge lxdbr1 existe...
2025-04-30 12:27:02,586 - INFO - El bridge lxdbr1 ya existe.
2025-04-30 12:27:02,603 - INFO - Verificando si el bridge lxdbr0 existe...
2025-04-30 12:27:02,640 - INFO - El bridge lxdbr0 ya existe.
2025-04-30 12:27:02,658 - INFO - Configurando la red para el cliente...
2025-04-30 12:27:02,715 - INFO - Configurando la red para el balanceador...
2025-04-30 12:27:02,800 - INFO - Configurando la red para el servidor s1 con la IP 134.3.0.11...
2025-04-30 12:27:02,842 - INFO - Configurando la red para el servidor s2 con la IP 134.3.0.12...
2025-04-30 12:27:02,886 - INFO - Configurando la red para el servidor s3 con la IP 134.3.0.13...
2025-04-30 12:27:02,929 - INFO - Red configurada correctamente para todos los servidores.
2025-04-30 12:27:02,929 - INFO - Red configurada correctamente.
2025-04-30 12:27:02,929 - INFO - Escenario creado correctamente.
2025-04-30 12:37:26,269 - INFO - Verificando si el contenedor s1 existe...
2025-04-30 12:37:44,115 - INFO - Verificando si el contenedor s2 existe...
2025-04-30 12:37:50,573 - INFO - Verificando si el contenedor s3 existe...
2025-04-30 12:37:57,934 - INFO - Verificando si el contenedor lb existe...
2025-04-30 12:37:57,953 - INFO - Creando balanceador lb...
2025-04-30 12:38:06,202 - INFO - Verificando si el contenedor cl existe...
2025-04-30 12:38:06,221 - INFO - Creando cliente cl...
2025-04-30 12:38:15,153 - INFO - Configurando red: creando bridges...
2025-04-30 12:38:15,153 - INFO - Verificando si el bridge lxdbr1 existe...
2025-04-30 12:38:15,760 - INFO - Bridge lxdbr1 creado correctamente.
2025-04-30 12:38:15,761 - INFO - Verificando si el bridge lxdbr0 existe...
2025-04-30 12:38:15,789 - INFO - El bridge lxdbr0 ya existe.
2025-04-30 12:38:16,686 - INFO - Configurando la red para el cliente...
2025-04-30 12:38:16,920 - INFO - Configurando la red para el balanceador...
2025-04-30 12:38:17,913 - INFO - Configurando la red para el servidor s1 con la IP 134.3.0.11...
2025-04-30 12:38:18,167 - INFO - Configurando la red para el servidor s2 con la IP 134.3.0.12...
2025-04-30 12:38:18,356 - INFO - Configurando la red para el servidor s3 con la IP 134.3.0.13...
2025-04-30 12:38:18,580 - INFO - Red configurada correctamente para todos los servidores.
2025-04-30 12:38:18,580 - INFO - Red configurada correctamente.
2025-04-30 12:38:18,580 - INFO - Escenario creado correctamente.
2025-04-30 12:38:45,979 - INFO - Iniciando contenedor s1...
2025-04-30 12:38:45,979 - INFO - Iniciando contenedor s2...
2025-04-30 12:38:45,980 - INFO - Iniciando contenedor s3...
2025-04-30 12:38:45,981 - INFO - Iniciando contenedor lb...
2025-04-30 12:38:45,984 - INFO - Iniciando contenedor cl...
2025-04-30 12:43:18,347 - INFO - Verificando si el contenedor s1 existe...
2025-04-30 12:43:24,392 - INFO - Verificando si el contenedor s2 existe...
2025-04-30 12:43:30,804 - INFO - Verificando si el contenedor s3 existe...
2025-04-30 12:43:37,650 - INFO - Verificando si el contenedor lb existe...
2025-04-30 12:43:37,668 - INFO - Creando balanceador lb...
2025-04-30 12:43:47,133 - INFO - Verificando si el contenedor cl existe...
2025-04-30 12:43:47,151 - INFO - Creando cliente cl...
2025-04-30 12:43:56,184 - INFO - Configurando red: creando bridges...
2025-04-30 12:43:56,184 - INFO - Verificando si el bridge lxdbr1 existe...
2025-04-30 12:43:56,807 - INFO - Bridge lxdbr1 creado correctamente.
2025-04-30 12:43:56,807 - INFO - Verificando si el bridge lxdbr0 existe...
2025-04-30 12:43:56,835 - INFO - El bridge lxdbr0 ya existe.
2025-04-30 12:43:56,850 - INFO - Configurando la red para el cliente...
2025-04-30 12:43:56,930 - INFO - Configurando la red para el balanceador...
2025-04-30 12:43:57,334 - INFO - Configurando la red para el servidor s1 con la IP 134.3.0.11...
2025-04-30 12:43:57,560 - INFO - Configurando la red para el servidor s2 con la IP 134.3.0.12...
2025-04-30 12:43:57,743 - INFO - Configurando la red para el servidor s3 con la IP 134.3.0.13...
2025-04-30 12:43:58,120 - INFO - Red configurada correctamente para todos los servidores.
2025-04-30 12:43:58,121 - INFO - Red configurada correctamente.
2025-04-30 12:43:58,121 - INFO - Escenario creado correctamente.
2025-04-30 12:44:06,998 - INFO - Iniciando contenedor s1...
2025-04-30 12:44:06,999 - INFO - Iniciando contenedor s2...
2025-04-30 12:44:07,000 - INFO - Iniciando contenedor s3...
2025-04-30 12:44:07,001 - INFO - Iniciando contenedor lb...
2025-04-30 12:44:07,004 - INFO - Iniciando contenedor cl...
2025-04-30 12:50:25,471 - INFO - Verificando si el contenedor s1 existe...
2025-04-30 12:50:31,789 - INFO - Verificando si el contenedor s2 existe...
2025-04-30 12:50:38,555 - INFO - Verificando si el contenedor s3 existe...
2025-04-30 12:50:45,407 - INFO - Verificando si el contenedor lb existe...
2025-04-30 12:50:45,422 - INFO - Creando balanceador lb...
2025-04-30 12:50:53,734 - INFO - Verificando si el contenedor cl existe...
2025-04-30 12:50:53,752 - INFO - Creando cliente cl...
2025-04-30 12:51:03,562 - INFO - Configurando red: creando bridges...
2025-04-30 12:51:03,562 - INFO - Verificando si el bridge lxdbr1 existe...
2025-04-30 12:51:04,170 - INFO - Bridge lxdbr1 creado correctamente.
2025-04-30 12:51:04,170 - INFO - Verificando si el bridge lxdbr0 existe...
2025-04-30 12:51:04,199 - INFO - El bridge lxdbr0 ya existe.
2025-04-30 12:51:04,214 - INFO - Configurando la red para el cliente...
2025-04-30 12:51:04,346 - INFO - Configurando la red para el balanceador...
2025-04-30 12:51:04,620 - INFO - Configurando la red para el servidor s1 con la IP 134.3.0.11...
2025-04-30 12:51:04,760 - INFO - Configurando la red para el servidor s2 con la IP 134.3.0.12...
2025-04-30 12:51:04,886 - INFO - Configurando la red para el servidor s3 con la IP 134.3.0.13...
2025-04-30 12:51:05,044 - INFO - Red configurada correctamente para todos los servidores.
2025-04-30 12:51:05,044 - INFO - Red configurada correctamente.
2025-04-30 12:51:05,044 - INFO - Escenario creado correctamente.
2025-04-30 12:51:25,484 - INFO - Iniciando contenedor s1...
2025-04-30 12:51:25,485 - INFO - Iniciando contenedor s2...
2025-04-30 12:51:25,486 - INFO - Iniciando contenedor s3...
2025-04-30 12:51:25,487 - INFO - Iniciando contenedor lb...
2025-04-30 12:51:25,488 - INFO - Iniciando contenedor cl...
2025-04-30 13:40:09,202 - INFO - Verificando si el contenedor s1 existe...
2025-04-30 13:40:16,472 - INFO - Verificando si el contenedor s2 existe...
2025-04-30 13:40:22,920 - INFO - Verificando si el contenedor s3 existe...
2025-04-30 13:40:29,975 - INFO - Verificando si el contenedor lb existe...
2025-04-30 13:40:29,993 - INFO - Creando balanceador lb...
2025-04-30 13:40:39,232 - INFO - Verificando si el contenedor cl existe...
2025-04-30 13:40:39,250 - INFO - Creando cliente cl...
2025-04-30 13:40:48,554 - INFO - Configurando red: creando bridges...
2025-04-30 13:40:48,554 - INFO - Verificando si el bridge lxdbr1 existe...
2025-04-30 13:40:49,184 - INFO - Bridge lxdbr1 creado correctamente.
2025-04-30 13:40:49,184 - INFO - Verificando si el bridge lxdbr0 existe...
2025-04-30 13:40:49,209 - INFO - El bridge lxdbr0 ya existe.
2025-04-30 13:40:49,223 - INFO - Configurando la red para el cliente...
2025-04-30 13:40:49,364 - INFO - Configurando la red para el balanceador...
2025-04-30 13:40:49,859 - INFO - Configurando la red para el servidor s1 con la IP 134.3.0.11...
2025-04-30 13:40:50,111 - INFO - Configurando la red para el servidor s2 con la IP 134.3.0.12...
2025-04-30 13:40:50,448 - INFO - Configurando la red para el servidor s3 con la IP 134.3.0.13...
2025-04-30 13:40:50,702 - INFO - Red configurada correctamente para todos los servidores.
2025-04-30 13:40:50,702 - INFO - Red configurada correctamente.
2025-04-30 13:40:50,703 - INFO - Escenario creado correctamente.
2025-04-30 13:42:54,050 - INFO - Iniciando contenedor s2...
2025-04-30 13:43:53,110 - INFO - Iniciando contenedor s1...
2025-04-30 13:44:29,887 - INFO - Iniciando contenedor s1...
2025-04-30 13:44:29,889 - INFO - Iniciando contenedor s2...
2025-04-30 13:44:29,890 - INFO - Iniciando contenedor s3...
2025-04-30 13:44:29,892 - INFO - Iniciando contenedor lb...
2025-04-30 13:44:29,893 - INFO - Iniciando contenedor cl...
2025-04-30 13:59:54,109 - INFO - Verificando si el contenedor s1 existe...
2025-04-30 14:00:00,189 - INFO - Verificando si el contenedor s2 existe...
2025-04-30 14:00:06,778 - INFO - Verificando si el contenedor s3 existe...
2025-04-30 14:00:13,779 - INFO - Verificando si el contenedor lb existe...
2025-04-30 14:00:13,796 - INFO - Creando balanceador lb...
2025-04-30 14:00:23,004 - INFO - Verificando si el contenedor cl existe...
2025-04-30 14:00:23,022 - INFO - Creando cliente cl...
2025-04-30 14:00:32,207 - INFO - Configurando red: creando bridges...
2025-04-30 14:00:32,208 - INFO - Verificando si el bridge lxdbr1 existe...
2025-04-30 14:00:32,816 - INFO - Bridge lxdbr1 creado correctamente.
2025-04-30 14:00:32,816 - INFO - Verificando si el bridge lxdbr0 existe...
2025-04-30 14:00:32,845 - INFO - El bridge lxdbr0 ya existe.
2025-04-30 14:00:32,861 - INFO - Configurando la red para el cliente...
2025-04-30 14:00:33,044 - INFO - Configurando la red para el balanceador...
2025-04-30 14:00:33,365 - INFO - Configurando la red para el servidor s1 con la IP 134.3.0.11...
2025-04-30 14:00:33,677 - INFO - Configurando la red para el servidor s2 con la IP 134.3.0.12...
2025-04-30 14:00:33,934 - INFO - Configurando la red para el servidor s3 con la IP 134.3.0.13...
2025-04-30 14:00:34,204 - INFO - Red configurada correctamente para todos los servidores.
2025-04-30 14:00:34,204 - INFO - Red configurada correctamente.
2025-04-30 14:00:34,204 - INFO - Escenario creado correctamente.
2025-04-30 14:06:44,462 - INFO - Iniciando contenedor s2...
2025-04-30 14:34:51,898 - INFO - Iniciando contenedor s2...
2025-04-30 14:35:59,902 - INFO - Iniciando contenedor s1...
2025-04-30 14:36:45,814 - INFO - Iniciando contenedor s3...
2025-04-30 14:37:29,937 - INFO - Iniciando contenedor lb...
2025-04-30 14:39:08,117 - INFO - Iniciando contenedor cl...
2025-04-30 14:40:17,442 - INFO - Verificando si el contenedor s1 existe...
2025-04-30 14:40:24,720 - INFO - Verificando si el contenedor s2 existe...
2025-04-30 14:40:31,435 - INFO - Verificando si el contenedor s3 existe...
2025-04-30 14:40:39,093 - INFO - Verificando si el contenedor lb existe...
2025-04-30 14:40:39,110 - INFO - Creando balanceador lb...
2025-04-30 14:40:48,583 - INFO - Verificando si el contenedor cl existe...
2025-04-30 14:40:48,604 - INFO - Creando cliente cl...
2025-04-30 14:40:57,924 - INFO - Configurando red: creando bridges...
2025-04-30 14:40:57,924 - INFO - Verificando si el bridge lxdbr1 existe...
2025-04-30 14:40:58,586 - INFO - Bridge lxdbr1 creado correctamente.
2025-04-30 14:40:58,586 - INFO - Verificando si el bridge lxdbr0 existe...
2025-04-30 14:40:58,616 - INFO - El bridge lxdbr0 ya existe.
2025-04-30 14:40:58,634 - INFO - Configurando la red para el cliente...
2025-04-30 14:40:58,783 - INFO - Configurando la red para el balanceador...
2025-04-30 14:40:59,305 - INFO - Configurando la red para el servidor s1 con la IP 134.3.0.11...
2025-04-30 14:41:00,073 - INFO - Configurando la red para el servidor s2 con la IP 134.3.0.12...
2025-04-30 14:41:00,852 - INFO - Configurando la red para el servidor s3 con la IP 134.3.0.13...
2025-04-30 14:41:01,046 - INFO - Red configurada correctamente para todos los servidores.
2025-04-30 14:41:01,046 - INFO - Red configurada correctamente.
2025-04-30 14:41:01,046 - INFO - Escenario creado correctamente.
2025-04-30 14:41:57,477 - INFO - Iniciando contenedor s2...
2025-04-30 14:42:02,082 - INFO - Iniciando contenedor s1...
2025-04-30 14:42:02,089 - INFO - Iniciando contenedor s3...
2025-04-30 14:42:02,094 - INFO - Iniciando contenedor lb...
2025-04-30 14:42:02,097 - INFO - Iniciando contenedor cl...
2025-04-30 15:16:49,480 - INFO - Parando contenedor s1...
2025-04-30 15:17:41,345 - INFO - Parando contenedor s1...
2025-04-30 15:17:48,046 - INFO - Parando contenedor s2...
2025-04-30 15:18:30,710 - INFO - Parando contenedor s3...
2025-04-30 15:18:30,716 - INFO - Parando contenedor lb...
2025-04-30 15:18:30,721 - INFO - Parando contenedor cl...
2025-04-30 15:21:59,458 - INFO - Verificando si el contenedor s4 existe...
2025-04-30 15:22:05,632 - INFO - Creando contenedor...
2025-04-30 15:22:31,011 - INFO - Verificando si el contenedor s4 existe...
2025-04-30 15:22:31,032 - WARNING - Intento de crear contenedor existente: s4
2025-05-01 17:40:31,968 - ERROR - El número de servidores debe estar entre 1 y 5.
2025-05-01 17:41:34,018 - ERROR - El número de servidores debe estar entre 1 y 5.
2025-05-01 17:41:57,876 - INFO - Verificando si el contenedor s1 existe...
2025-05-01 17:41:57,912 - INFO - El contenedor s1 ya existe. Saltando creación.
2025-05-01 17:41:57,912 - INFO - Verificando si el contenedor s2 existe...
2025-05-01 17:41:57,947 - INFO - El contenedor s2 ya existe. Saltando creación.
2025-05-01 17:41:57,947 - INFO - Verificando si el contenedor s3 existe...
2025-05-01 17:41:57,973 - INFO - El contenedor s3 ya existe. Saltando creación.
2025-05-01 17:41:57,973 - INFO - Verificando si el contenedor s4 existe...
2025-05-01 17:41:58,003 - INFO - El contenedor s4 ya existe. Saltando creación.
2025-05-01 17:41:58,003 - INFO - Verificando si el contenedor s5 existe...
2025-05-01 17:41:58,032 - INFO - El contenedor s5 ya existe. Saltando creación.
2025-05-01 17:41:58,033 - INFO - Verificando si el contenedor lb existe...
2025-05-01 17:41:58,059 - INFO - El balanceador lb ya existe. Saltando creación.
2025-05-01 17:41:58,059 - INFO - Verificando si el contenedor cl existe...
2025-05-01 17:41:58,086 - INFO - El contenedor cl ya existe. Saltando creación.
2025-05-01 17:41:58,087 - INFO - Configurando red: creando bridges...
2025-05-01 17:41:58,087 - INFO - Verificando si el bridge lxdbr1 existe...
2025-05-01 17:41:58,120 - INFO - El bridge lxdbr1 ya existe.
2025-05-01 17:41:59,017 - INFO - Verificando si el bridge lxdbr0 existe...
2025-05-01 17:41:59,045 - INFO - El bridge lxdbr0 ya existe.
2025-05-01 17:41:59,897 - INFO - Configurando la red para el cliente...
2025-05-01 17:41:59,950 - INFO - Configurando la red para el balanceador...
2025-05-01 17:42:00,039 - INFO - Configurando la red para el servidor s1 con la IP 134.3.0.11...
2025-05-01 17:42:00,079 - INFO - Configurando la red para el servidor s2 con la IP 134.3.0.12...
2025-05-01 17:42:00,125 - INFO - Configurando la red para el servidor s3 con la IP 134.3.0.13...
2025-05-01 17:42:00,167 - INFO - Configurando la red para el servidor s4 con la IP 134.3.0.14...
2025-05-01 17:42:00,209 - INFO - Configurando la red para el servidor s5 con la IP 134.3.0.15...
2025-05-01 17:42:00,250 - INFO - Red configurada correctamente para todos los servidores.
2025-05-01 17:42:00,250 - INFO - Red configurada correctamente.
2025-05-01 17:42:00,250 - INFO - Escenario creado correctamente.
2025-05-01 17:48:27,008 - INFO - Verificando si el contenedor s1 existe...
2025-05-01 17:48:34,153 - INFO - Verificando si el contenedor s2 existe...
2025-05-01 17:48:41,050 - INFO - Verificando si el contenedor lb existe...
2025-05-01 17:48:41,067 - INFO - Creando balanceador lb...
2025-05-01 17:48:48,889 - INFO - Verificando si el contenedor cl existe...
2025-05-01 17:48:48,906 - INFO - Creando cliente cl...
2025-05-01 17:48:56,940 - INFO - Configurando red: creando bridges...
2025-05-01 17:48:56,940 - INFO - Verificando si el bridge lxdbr1 existe...
2025-05-01 17:48:56,965 - INFO - El bridge lxdbr1 ya existe.
2025-05-01 17:48:56,979 - INFO - Verificando si el bridge lxdbr0 existe...
2025-05-01 17:48:57,003 - INFO - El bridge lxdbr0 ya existe.
2025-05-01 17:48:57,018 - INFO - Configurando la red para el cliente...
2025-05-01 17:48:57,440 - INFO - Configurando la red para el balanceador...
2025-05-01 17:48:58,426 - INFO - Configurando la red para el servidor s1 con la IP 134.3.0.11...
2025-05-01 17:48:59,470 - INFO - Configurando la red para el servidor s2 con la IP 134.3.0.12...
2025-05-01 17:48:59,910 - INFO - Red configurada correctamente para todos los servidores.
2025-05-01 17:48:59,911 - INFO - Red configurada correctamente.
2025-05-01 17:48:59,911 - INFO - Escenario creado correctamente.
2025-05-01 17:49:29,300 - INFO - Iniciando contenedor s1...
2025-05-01 17:49:38,712 - INFO - Iniciando contenedor s2...
2025-05-01 17:49:38,718 - INFO - Iniciando contenedor lb...
2025-05-01 17:49:38,721 - INFO - Iniciando contenedor cl...
2025-05-01 17:52:00,664 - INFO - Parando contenedor s1...
2025-05-05 20:07:42,198 - INFO - Verificando si el contenedor s1 existe...
2025-05-05 20:07:49,352 - INFO - Verificando si el contenedor s2 existe...
2025-05-05 20:07:57,002 - INFO - Verificando si el contenedor s3 existe...
2025-05-05 20:08:04,880 - INFO - Verificando si el contenedor lb existe...
2025-05-05 20:08:04,900 - INFO - Creando balanceador lb...
2025-05-05 20:08:13,454 - INFO - Verificando si el contenedor cl existe...
2025-05-05 20:08:13,474 - INFO - Creando cliente cl...
2025-05-05 20:08:23,123 - INFO - Configurando red: creando bridges...
2025-05-05 20:08:23,123 - INFO - Verificando si el bridge lxdbr1 existe...
2025-05-05 20:08:23,153 - INFO - El bridge lxdbr1 ya existe.
2025-05-05 20:08:24,935 - INFO - Configurando la red para el cliente...
2025-05-05 20:08:25,044 - INFO - Configurando la red para el balanceador...
2025-05-05 20:08:25,452 - INFO - Configurando la red para el servidor s1 con la IP 134.3.0.11...
2025-05-05 20:08:25,545 - INFO - Configurando la red para el servidor s2 con la IP 134.3.0.12...
2025-05-05 20:08:25,732 - INFO - Configurando la red para el servidor s3 con la IP 134.3.0.13...
2025-05-05 20:08:25,903 - INFO - Red configurada correctamente para todos los servidores.
2025-05-05 20:08:25,903 - INFO - Red configurada correctamente.
2025-05-05 20:08:25,903 - INFO - Escenario creado correctamente.
2025-05-05 20:33:18,452 - INFO - Iniciando contenedor s1...
2025-05-05 20:52:56,192 - INFO - Iniciando contenedor s2...
2025-05-05 20:53:10,066 - INFO - Iniciando contenedor s1...
2025-05-05 20:53:10,076 - INFO - Iniciando contenedor s3...
2025-05-05 20:53:10,084 - INFO - Iniciando contenedor lb...
2025-05-05 20:53:10,118 - INFO - Iniciando contenedor cl...
2025-05-05 21:01:49,726 - INFO - Parando contenedor s1...
2025-05-05 21:01:49,733 - INFO - Parando contenedor s2...
2025-05-05 21:01:49,735 - INFO - Parando contenedor s3...
2025-05-05 21:01:49,740 - INFO - Parando contenedor lb...
2025-05-05 21:01:49,754 - INFO - Parando contenedor cl...
2025-05-05 21:07:47,519 - INFO - Iniciando contenedor s2...
2025-05-05 21:07:54,001 - INFO - Iniciando contenedor s3...
2025-05-05 21:08:22,148 - INFO - Verificando si el contenedor s1 existe...
2025-05-05 21:08:29,905 - INFO - Verificando si el contenedor s2 existe...
2025-05-05 21:08:36,251 - INFO - Verificando si el contenedor s3 existe...
2025-05-05 21:08:43,216 - INFO - Verificando si el contenedor lb existe...
2025-05-05 21:08:43,232 - INFO - Creando balanceador lb...
2025-05-05 21:08:52,271 - INFO - Verificando si el contenedor cl existe...
2025-05-05 21:08:52,290 - INFO - Creando cliente cl...
2025-05-05 21:09:01,612 - INFO - Configurando red: creando bridges...
2025-05-05 21:09:01,612 - INFO - Verificando si el bridge lxdbr1 existe...
2025-05-05 21:09:02,253 - INFO - Bridge lxdbr1 creado correctamente.
2025-05-05 21:09:03,163 - INFO - Configurando la red para el cliente...
2025-05-05 21:09:03,258 - INFO - Configurando la red para el balanceador...
2025-05-05 21:09:03,594 - INFO - Configurando la red para el servidor s1 con la IP 134.3.0.11...
2025-05-05 21:09:03,891 - INFO - Configurando la red para el servidor s2 con la IP 134.3.0.12...
2025-05-05 21:09:04,503 - INFO - Configurando la red para el servidor s3 con la IP 134.3.0.13...
2025-05-05 21:09:04,696 - INFO - Red configurada correctamente para todos los servidores.
2025-05-05 21:09:04,696 - INFO - Red configurada correctamente.
2025-05-05 21:09:04,696 - INFO - Escenario creado correctamente.
2025-05-05 21:09:18,516 - INFO - Iniciando contenedor s2...
2025-05-05 21:09:29,605 - INFO - Iniciando contenedor lb...
2025-05-05 21:10:59,565 - INFO - Parando contenedor lb...
2025-05-05 21:11:13,915 - INFO - Iniciando contenedor lb...
2025-05-05 21:18:05,720 - INFO - Parando contenedor lb...
2025-05-05 21:55:26,176 - INFO - Verificando si el contenedor s1 existe...
2025-05-05 21:55:32,182 - INFO - Verificando si el contenedor s2 existe...
2025-05-05 21:55:38,867 - INFO - Verificando si el contenedor lb existe...
2025-05-05 21:55:38,882 - INFO - Creando balanceador lb...
2025-05-05 21:55:46,022 - INFO - Verificando si el contenedor cl existe...
2025-05-05 21:55:46,041 - INFO - Creando cliente cl...
2025-05-05 21:55:55,114 - INFO - Configurando red: creando bridges...
2025-05-05 21:55:55,114 - INFO - Verificando si el bridge lxdbr1 existe...
2025-05-05 21:55:55,124 - ERROR - Error al verificar el bridge lxdbr1: Command '['lxc', 'network', 'list', 'lxdbr1']' returned non-zero exit status 1.
2025-05-05 21:55:55,710 - INFO - Bridge lxdbr1 creado correctamente.
2025-05-05 21:55:55,724 - INFO - Configurando la red para el cliente...
2025-05-05 21:55:55,811 - INFO - Configurando la red para el balanceador...
2025-05-05 21:55:56,258 - INFO - Configurando la red para el servidor s1 con la IP 134.3.0.11...
2025-05-05 21:55:56,432 - INFO - Configurando la red para el servidor s2 con la IP 134.3.0.12...
2025-05-05 21:55:56,658 - INFO - Red configurada correctamente para todos los servidores.
2025-05-05 21:55:56,658 - INFO - Red configurada correctamente.
2025-05-05 21:55:56,658 - INFO - Escenario creado correctamente.
2025-05-05 21:57:11,844 - INFO - Verificando si el contenedor s3 existe...
2025-05-05 21:57:17,921 - INFO - El contenedor se ha creado correctamente.
2025-05-05 21:57:24,194 - INFO - Verificando si el contenedor s3 existe...
2025-05-05 21:57:24,239 - WARNING - Intento de crear contenedor existente: s3
2025-05-05 21:57:49,651 - INFO - Verificando si el contenedor s1 existe...
2025-05-05 21:57:49,674 - INFO - El contenedor s1 ya existe. Saltando creación.
2025-05-05 21:57:49,674 - INFO - Verificando si el contenedor s2 existe...
2025-05-05 21:57:49,695 - INFO - El contenedor s2 ya existe. Saltando creación.
2025-05-05 21:57:49,695 - INFO - Verificando si el contenedor lb existe...
2025-05-05 21:57:49,714 - INFO - El balanceador lb ya existe. Saltando creación.
2025-05-05 21:57:49,714 - INFO - Verificando si el contenedor cl existe...
2025-05-05 21:57:49,733 - INFO - El contenedor cl ya existe. Saltando creación.
2025-05-05 21:57:49,733 - INFO - Configurando red: creando bridges...
2025-05-05 21:57:49,733 - INFO - Verificando si el bridge lxdbr1 existe...
2025-05-05 21:57:49,743 - ERROR - Error al verificar el bridge lxdbr1: Command '['lxc', 'network', 'list', 'lxdbr1']' returned non-zero exit status 1.
2025-05-05 21:57:49,754 - INFO - Bridge lxdbr1 creado correctamente.
2025-05-05 21:57:49,767 - INFO - Configurando la red para el cliente...
2025-05-05 21:57:49,869 - INFO - Configurando la red para el balanceador...
2025-05-05 21:57:50,129 - INFO - Configurando la red para el servidor s1 con la IP 134.3.0.11...
2025-05-05 21:57:50,169 - INFO - Configurando la red para el servidor s2 con la IP 134.3.0.12...
2025-05-05 21:57:50,210 - INFO - Red configurada correctamente para todos los servidores.
2025-05-05 21:57:50,210 - INFO - Red configurada correctamente.
2025-05-05 21:57:50,210 - INFO - Escenario creado correctamente.
2025-05-05 22:05:31,526 - INFO - Verificando si el contenedor s1 existe...
2025-05-05 22:05:31,548 - INFO - El contenedor s1 ya existe. Saltando creación.
2025-05-05 22:05:31,548 - INFO - Verificando si el contenedor s2 existe...
2025-05-05 22:05:31,568 - INFO - El contenedor s2 ya existe. Saltando creación.
2025-05-05 22:05:31,568 - INFO - Verificando si el contenedor lb existe...
2025-05-05 22:05:31,587 - INFO - El balanceador lb ya existe. Saltando creación.
2025-05-05 22:05:31,587 - INFO - Verificando si el contenedor cl existe...
2025-05-05 22:05:31,606 - INFO - El contenedor cl ya existe. Saltando creación.
2025-05-05 22:05:31,607 - INFO - Configurando red: creando bridges...
2025-05-05 22:05:31,607 - INFO - Verificando si el bridge lxdbr1 existe...
2025-05-05 22:05:31,630 - INFO - El bridge lxdbr1 ya existe.
2025-05-05 22:05:31,657 - INFO - Configurando la red para el cliente...
2025-05-05 22:05:31,694 - INFO - Configurando la red para el balanceador...
2025-05-05 22:05:31,806 - INFO - Configurando la red para el servidor s1 con la IP 134.3.0.11...
2025-05-05 22:05:31,849 - INFO - Configurando la red para el servidor s2 con la IP 134.3.0.12...
2025-05-05 22:05:31,890 - INFO - Red configurada correctamente para todos los servidores.
2025-05-05 22:05:31,890 - INFO - Red configurada correctamente.
2025-05-05 22:05:31,890 - INFO - Escenario creado correctamente.
2025-05-06 18:16:18,505 - INFO - Verificando si el contenedor s1 existe...
2025-05-06 18:16:18,520 - INFO - El contenedor s1 ya existe. Saltando creación.
2025-05-06 18:16:18,520 - INFO - Verificando si el contenedor s2 existe...
2025-05-06 18:16:18,542 - INFO - El contenedor s2 ya existe. Saltando creación.
2025-05-06 18:16:18,542 - INFO - Verificando si el contenedor lb existe...
2025-05-06 18:16:18,585 - INFO - El balanceador lb ya existe. Saltando creación.
2025-05-06 18:16:18,585 - INFO - Verificando si el contenedor cl existe...
2025-05-06 18:16:18,625 - INFO - El contenedor cl ya existe. Saltando creación.
2025-05-06 18:16:18,625 - INFO - Configurando red: creando bridges...
2025-05-06 18:16:18,625 - INFO - Verificando si el bridge lxdbr1 existe...
2025-05-06 18:16:18,676 - INFO - El bridge lxdbr1 ya existe.
2025-05-06 18:16:20,364 - INFO - Configurando la red para el cliente...
2025-05-06 18:16:20,727 - INFO - Configurando la red para el balanceador...
2025-05-06 18:16:20,835 - INFO - Configurando la red para el servidor s1 con la IP 134.3.0.11...
2025-05-06 18:16:20,906 - INFO - Configurando la red para el servidor s2 con la IP 134.3.0.12...
2025-05-06 18:16:20,979 - INFO - Red configurada correctamente para todos los servidores.
2025-05-06 18:16:20,979 - INFO - Red configurada correctamente.
2025-05-06 18:16:20,979 - INFO - Escenario creado correctamente.
2025-05-06 18:19:07,250 - INFO - Verificando si el contenedor s1 existe...
2025-05-06 18:19:10,109 - INFO - Verificando si el contenedor s2 existe...
2025-05-06 18:19:11,871 - INFO - Verificando si el contenedor lb existe...
2025-05-06 18:19:11,881 - INFO - Creando balanceador lb...
2025-05-06 18:19:13,701 - INFO - Verificando si el contenedor cl existe...
2025-05-06 18:19:13,710 - INFO - Creando cliente cl...
2025-05-06 18:19:15,436 - INFO - Configurando red: creando bridges...
2025-05-06 18:19:15,436 - INFO - Verificando si el bridge lxdbr1 existe...
2025-05-06 18:19:16,006 - INFO - Bridge lxdbr1 creado correctamente.
2025-05-06 18:19:16,033 - INFO - Configurando la red para el cliente...
2025-05-06 18:19:16,122 - INFO - Configurando la red para el balanceador...
2025-05-06 18:19:16,232 - INFO - Configurando la red para el servidor s1 con la IP 134.3.0.11...
2025-05-06 18:19:16,263 - INFO - Configurando la red para el servidor s2 con la IP 134.3.0.12...
2025-05-06 18:19:16,292 - INFO - Red configurada correctamente para todos los servidores.
2025-05-06 18:19:16,292 - INFO - Red configurada correctamente.
2025-05-06 18:19:16,292 - INFO - Escenario creado correctamente.
2025-05-06 18:20:04,554 - INFO - Iniciando contenedor s1...
2025-05-06 18:20:37,962 - INFO - Iniciando contenedor s2...
2025-05-06 18:20:39,967 - INFO - Iniciando contenedor lb...
2025-05-06 18:20:41,973 - INFO - Iniciando contenedor cl...
2025-05-06 18:23:05,854 - INFO - Verificando si el contenedor s3 existe...
2025-05-06 18:23:07,615 - INFO - El contenedor se ha creado correctamente.
2025-05-06 18:25:25,642 - INFO - Iniciando contenedor s3...
2025-05-06 18:40:35,877 - INFO - Verificando si el contenedor s1 existe...
2025-05-06 18:40:37,600 - INFO - Verificando si el contenedor s2 existe...
2025-05-06 18:40:39,318 - INFO - Verificando si el contenedor lb existe...
2025-05-06 18:40:39,330 - INFO - Creando balanceador lb...
2025-05-06 18:40:41,085 - INFO - Verificando si el contenedor cl existe...
2025-05-06 18:40:41,094 - INFO - Creando cliente cl...
2025-05-06 18:40:42,843 - INFO - Configurando red: creando bridges...
2025-05-06 18:40:42,843 - INFO - Verificando si el bridge lxdbr1 existe...
2025-05-06 18:40:43,414 - INFO - Bridge lxdbr1 creado correctamente.
2025-05-06 18:40:43,441 - INFO - Configurando la red para el cliente...
2025-05-06 18:40:43,557 - INFO - Configurando la red para el balanceador...
2025-05-06 18:40:43,777 - INFO - Configurando la red para el servidor s1 con la IP 134.3.0.11...
2025-05-06 18:40:43,858 - INFO - Configurando la red para el servidor s2 con la IP 134.3.0.12...
2025-05-06 18:40:43,960 - INFO - Red configurada correctamente para todos los servidores.
2025-05-06 18:40:43,961 - INFO - Red configurada correctamente.
2025-05-06 18:40:43,961 - INFO - Escenario creado correctamente.
2025-05-06 18:41:03,432 - INFO - Iniciando contenedor s2...
2025-05-06 18:42:18,268 - INFO - Verificando si el contenedor s3 existe...
2025-05-06 18:42:20,062 - INFO - El contenedor se ha creado correctamente.
2025-05-06 18:43:57,226 - INFO - Verificando si el contenedor s4 existe...
2025-05-06 18:43:59,064 - INFO - El contenedor se ha creado correctamente.
2025-05-06 18:44:18,375 - INFO - Verificando si el contenedor s5 existe...
2025-05-06 18:44:20,179 - INFO - El contenedor se ha creado correctamente.
